Installing dependencies from lock file (including require-dev)
Verifying lock file contents can be installed on current platform.
Package operations: 124 installs, 0 updates, 0 removals
  - Downloading staabm/side-effects-detector (1.0.5)
  - Downloading sebastian/version (6.0.0)
  - Downloading sebastian/type (6.0.3)
  - Downloading sebastian/recursion-context (7.0.1)
  - Downloading sebastian/object-reflector (5.0.0)
  - Downloading sebastian/object-enumerator (7.0.0)
  - Downloading sebastian/global-state (8.0.2)
  - Downloading sebastian/exporter (7.0.2)
  - Downloading sebastian/environment (8.0.4)
  - Downloading sebastian/diff (7.0.0)
  - Downloading sebastian/comparator (7.1.4)
  - Downloading sebastian/cli-parser (4.2.0)
  - Downloading phpunit/php-timer (8.0.0)
  - Downloading phpunit/php-text-template (5.0.0)
  - Downloading phpunit/php-invoker (6.0.0)
  - Downloading phpunit/php-file-iterator (6.0.1)
  - Downloading theseer/tokenizer (2.0.1)
  - Downloading sebastian/lines-of-code (4.0.0)
  - Downloading sebastian/complexity (5.0.0)
  - Downloading phpunit/php-code-coverage (12.5.3)
  - Downloading phar-io/version (3.2.1)
  - Downloading phar-io/manifest (2.0.4)
  - Downloading myclabs/deep-copy (1.13.4)
  - Downloading phpunit/phpunit (12.5.14)
  - Downloading masterminds/html5 (2.10.0)
  - Downloading symfony/dom-crawler (v7.4.6)
  - Downloading symfony/browser-kit (v7.4.4)
  - Downloading symfony/css-selector (v7.4.6)
  - Downloading symfony/debug-bundle (v7.4.7)
  - Downloading symfony/maker-bundle (v1.66.0)
  - Downloading symfony/web-profiler-bundle (v7.4.7)
  0/31 [>---------------------------]   0%
  1/31 [>---------------------------]   3%
  5/31 [====>-----------------------]  16%
 12/31 [==========>-----------------]  38%
 15/31 [=============>--------------]  48%
 18/31 [================>-----------]  58%
 22/31 [===================>--------]  70%
 25/31 [======================>-----]  80%
 29/31 [==========================>-]  93%
 31/31 [============================] 100%
  - Installing symfony/flex (v2.10.0): Extracting archive
  - Installing symfony/runtime (v7.4.1): Extracting archive
  - Installing symfony/deprecation-contracts (v3.6.0): Extracting archive
  - Installing symfony/routing (v7.4.6): Extracting archive
  - Installing symfony/polyfill-php85 (v1.33.0): Extracting archive
  - Installing symfony/polyfill-mbstring (v1.33.0): Extracting archive
  - Installing symfony/http-foundation (v7.4.7): Extracting archive
  - Installing psr/event-dispatcher (1.0.0): Extracting archive
  - Installing symfony/event-dispatcher-contracts (v3.6.0): Extracting archive
  - Installing symfony/event-dispatcher (v7.4.4): Extracting archive
  - Installing symfony/var-dumper (v7.4.6): Extracting archive
  - Installing psr/log (3.0.2): Extracting archive
  - Installing symfony/error-handler (v7.4.4): Extracting archive
  - Installing symfony/http-kernel (v7.4.7): Extracting archive
  - Installing symfony/finder (v7.4.6): Extracting archive
  - Installing symfony/filesystem (v7.4.6): Extracting archive
  - Installing symfony/var-exporter (v7.4.0): Extracting archive
  - Installing psr/container (2.0.2): Extracting archive
  - Installing symfony/service-contracts (v3.6.1): Extracting archive
  - Installing symfony/dependency-injection (v7.4.7): Extracting archive
  - Installing symfony/config (v7.4.7): Extracting archive
  - Installing psr/cache (3.0.0): Extracting archive
  - Installing symfony/cache-contracts (v3.6.0): Extracting archive
  - Installing symfony/cache (v7.4.7): Extracting archive
  - Installing symfony/framework-bundle (v7.4.7): Extracting archive
  - Installing symfony/stopwatch (v7.4.0): Extracting archive
  - Installing symfony/polyfill-intl-normalizer (v1.33.0): Extracting archive
  - Installing symfony/polyfill-intl-grapheme (v1.33.0): Extracting archive
  - Installing symfony/string (v7.4.6): Extracting archive
  - Installing symfony/console (v7.4.7): Extracting archive
  - Installing doctrine/event-manager (2.1.1): Extracting archive
  - Installing doctrine/deprecations (1.1.6): Extracting archive
  - Installing doctrine/dbal (4.4.2): Extracting archive
  - Installing doctrine/migrations (3.9.6): Extracting archive
  - Installing doctrine/persistence (4.1.1): Extracting archive
  - Installing symfony/doctrine-bridge (v7.4.7): Extracting archive
  - Installing doctrine/sql-formatter (1.5.4): Extracting archive
  - Installing doctrine/doctrine-bundle (2.18.2): Extracting archive
  - Installing doctrine/doctrine-migrations-bundle (3.7.0): Extracting archive
  - Installing doctrine/lexer (3.0.1): Extracting archive
  - Installing doctrine/instantiator (2.0.0): Extracting archive
  - Installing doctrine/inflector (2.1.0): Extracting archive
  - Installing symfony/polyfill-php84 (v1.33.0): Extracting archive
  - Installing doctrine/collections (2.6.0): Extracting archive
  - Installing doctrine/orm (3.6.2): Extracting archive
  - Installing symfony/yaml (v7.4.6): Extracting archive
  - Installing phpstan/phpdoc-parser (2.3.2): Extracting archive
  - Installing nikic/php-parser (v5.7.0): Extracting archive
  - Installing zircote/swagger-php (5.8.3): Extracting archive
  - Installing symfony/type-info (v7.4.7): Extracting archive
  - Installing symfony/property-info (v7.4.7): Extracting archive
  - Installing symfony/options-resolver (v7.4.0): Extracting archive
  - Installing phpdocumentor/reflection-common (2.2.0): Extracting archive
  - Installing phpdocumentor/type-resolver (2.0.0): Extracting archive
  - Installing webmozart/assert (2.1.6): Extracting archive
  - Installing phpdocumentor/reflection-docblock (6.0.2): Extracting archive
  - Installing nelmio/api-doc-bundle (v5.9.5): Extracting archive
  - Installing staabm/side-effects-detector (1.0.5): Extracting archive
  - Installing sebastian/version (6.0.0): Extracting archive
  - Installing sebastian/type (6.0.3): Extracting archive
  - Installing sebastian/recursion-context (7.0.1): Extracting archive
  - Installing sebastian/object-reflector (5.0.0): Extracting archive
  - Installing sebastian/object-enumerator (7.0.0): Extracting archive
  - Installing sebastian/global-state (8.0.2): Extracting archive
  - Installing sebastian/exporter (7.0.2): Extracting archive
  - Installing sebastian/environment (8.0.4): Extracting archive
  - Installing sebastian/diff (7.0.0): Extracting archive
  - Installing sebastian/comparator (7.1.4): Extracting archive
  - Installing sebastian/cli-parser (4.2.0): Extracting archive
  - Installing phpunit/php-timer (8.0.0): Extracting archive
  - Installing phpunit/php-text-template (5.0.0): Extracting archive
  - Installing phpunit/php-invoker (6.0.0): Extracting archive
  - Installing phpunit/php-file-iterator (6.0.1): Extracting archive
  - Installing theseer/tokenizer (2.0.1): Extracting archive
  - Installing sebastian/lines-of-code (4.0.0): Extracting archive
  - Installing sebastian/complexity (5.0.0): Extracting archive
  - Installing phpunit/php-code-coverage (12.5.3): Extracting archive
  - Installing phar-io/version (3.2.1): Extracting archive
  - Installing phar-io/manifest (2.0.4): Extracting archive
  - Installing myclabs/deep-copy (1.13.4): Extracting archive
  - Installing phpunit/phpunit (12.5.14): Extracting archive
  - Installing psr/clock (1.0.0): Extracting archive
  - Installing masterminds/html5 (2.10.0): Extracting archive
  - Installing symfony/dom-crawler (v7.4.6): Extracting archive
  - Installing symfony/browser-kit (v7.4.4): Extracting archive
  - Installing symfony/css-selector (v7.4.6): Extracting archive
  - Installing twig/twig (v3.23.0): Extracting archive
  - Installing symfony/translation-contracts (v3.6.1): Extracting archive
  - Installing symfony/twig-bridge (v7.4.7): Extracting archive
  - Installing symfony/debug-bundle (v7.4.7): Extracting archive
  - Installing symfony/polyfill-php83 (v1.33.0): Extracting archive
  - Installing symfony/clock (v7.4.0): Extracting archive
  - Installing symfony/messenger (v7.4.7): Extracting archive
  - Installing symfony/doctrine-messenger (v7.4.6): Extracting archive
  - Installing symfony/dotenv (v7.4.7): Extracting archive
  - Installing symfony/expression-language (v7.4.4): Extracting archive
  - Installing symfony/property-access (v7.4.4): Extracting archive
  - Installing symfony/polyfill-intl-icu (v1.33.0): Extracting archive
  - Installing symfony/form (v7.4.7): Extracting archive
  - Installing symfony/http-client-contracts (v3.6.0): Extracting archive
  - Installing symfony/http-client (v7.4.7): Extracting archive
  - Installing symfony/intl (v7.4.6): Extracting archive
  - Installing symfony/polyfill-intl-idn (v1.33.0): Extracting archive
  - Installing symfony/mime (v7.4.7): Extracting archive
  - Installing egulias/email-validator (4.0.4): Extracting archive
  - Installing symfony/mailer (v7.4.6): Extracting archive
  - Installing symfony/process (v7.4.5): Extracting archive
  - Installing symfony/maker-bundle (v1.66.0): Extracting archive
  - Installing monolog/monolog (3.10.0): Extracting archive
  - Installing symfony/monolog-bridge (v7.4.6): Extracting archive
  - Installing symfony/monolog-bundle (v4.0.1): Extracting archive
  - Installing symfony/notifier (v7.4.6): Extracting archive
  - Installing symfony/password-hasher (v7.4.6): Extracting archive
  - Installing symfony/security-core (v7.4.4): Extracting archive
  - Installing symfony/security-http (v7.4.6): Extracting archive
  - Installing symfony/security-csrf (v7.4.6): Extracting archive
  - Installing symfony/security-bundle (v7.4.6): Extracting archive
  - Installing symfony/serializer (v7.4.7): Extracting archive
  - Installing symfony/translation (v7.4.6): Extracting archive
  - Installing symfony/validator (v7.4.7): Extracting archive
  - Installing psr/link (2.0.1): Extracting archive
  - Installing symfony/web-link (v7.4.4): Extracting archive
  - Installing symfony/twig-bundle (v7.4.4): Extracting archive
  - Installing symfony/web-profiler-bundle (v7.4.7): Extracting archive
   0/122 [>---------------------------]   0%
  16/122 [===>------------------------]  13%
  27/122 [======>---------------------]  22%
  38/122 [========>-------------------]  31%
  52/122 [===========>----------------]  42%
  65/122 [==============>-------------]  53%
  74/122 [================>-----------]  60%
  90/122 [====================>-------]  73%
  99/122 [======================>-----]  81%
 111/122 [=========================>--]  90%
 121/122 [===========================>]  99%
 122/122 [============================] 100%
Generating autoload files
107 packages you are using are looking for funding.
Use the `composer fund` command to find out more!

Run composer recipes at any time to see the status of your Symfony recipes.

Executing script cache:clear [KO]
 [KO]
Script cache:clear returned with error code 1
!!
!!  In FileLoader.php line 190:
!!
!!    Case mismatch between loaded and declared class names: "App\DTO\CreateMachi
!!    neDto" vs "App\Dto\CreateMachineDto" in /var/www/html/config/services.yaml
!!    (which is being imported from "/var/www/html/src/Kernel.php").
!!
!!
!!  In DebugClassLoader.php line 342:
!!
!!    Case mismatch between loaded and declared class names: "App\DTO\CreateMachi
!!    neDto" vs "App\Dto\CreateMachineDto".
!!
!!
!!
Script @auto-scripts was called via post-install-cmd

